2025-08-10T16:44:43.659297Z SIREN_STARTED mode=safe
2025-08-10T16:49:02.138029Z SIREN_MODE suspicious
2025-08-10T16:49:09.206601Z SIREN_MODE suspicious
2025-08-10T16:49:11.198144Z SIREN_MODE high
2025-08-10T16:49:12.803304Z SIREN_MODE safe
2025-08-10T16:49:14.791315Z SIREN_MODE high
2025-08-10T16:49:15.891743Z SIREN_MODE suspicious
2025-08-10T16:58:25.347282Z SIREN_STARTED mode=safe
2025-08-10T17:28:10.512115Z SIREN_STARTED mode=safe
2025-08-10T17:29:34.247417Z SIREN_MODE suspicious
2025-08-10T17:29:40.470179Z SIREN_MODE suspicious
2025-08-10T17:29:42.339258Z SIREN_MODE suspicious
2025-08-10T17:29:44.747503Z SIREN_MODE suspicious
2025-08-10T17:29:46.906717Z SIREN_MODE suspicious
2025-08-10T17:29:51.228738Z SIREN_MODE suspicious
2025-08-10T17:29:52.425072Z SIREN_MODE high
2025-08-10T17:29:54.107520Z SIREN_MODE high
2025-08-10T17:29:54.724215Z SIREN_MODE suspicious
2025-08-10T17:29:55.027853Z SIREN_MODE suspicious
2025-08-10T17:55:08.205852Z SIREN_MODE suspicious
2025-08-10T17:56:31.511949Z SIREN_MODE suspicious
2025-08-10T17:56:31.801384Z SIREN_MODE safe
2025-08-10T17:56:34.361889Z SIREN_MODE suspicious
2025-08-10T17:56:34.519817Z SIREN_MODE safe
2025-08-10T17:56:36.074066Z SIREN_MODE suspicious
2025-08-10T17:56:36.324216Z SIREN_MODE safe
2025-08-10T17:56:37.210245Z SIREN_MODE high
2025-08-10T17:56:37.238995Z SIREN_MODE safe
2025-08-10T18:03:39.343705Z SIREN_MODE suspicious
2025-08-10T18:04:00.985156Z SIREN_MODE suspicious
2025-08-10T18:36:19.340196Z SIREN_MODE high
2025-08-10T18:50:19.498572Z SIREN_LOOP_ERROR error: mixer not initialized
2025-08-10T19:06:29.226051Z SIREN_MODE high
2025-08-10T19:06:29.699902Z SIREN_MODE safe
2025-08-10T19:06:29.752450Z SIREN_MODE high
2025-08-10T19:06:30.201631Z SIREN_MODE safe
2025-08-10T19:06:30.269370Z SIREN_MODE high
2025-08-10T19:06:30.705682Z SIREN_MODE safe
2025-08-10T19:06:30.799211Z SIREN_MODE high
2025-08-10T19:06:31.207841Z SIREN_MODE safe
2025-08-10T19:06:31.326126Z SIREN_MODE high
2025-08-10T19:06:31.709783Z SIREN_MODE safe
2025-08-10T19:06:31.842001Z SIREN_MODE high
2025-08-10T19:06:32.211959Z SIREN_MODE safe
2025-08-10T19:06:32.359545Z SIREN_MODE high
2025-08-10T19:06:32.714515Z SIREN_MODE safe
2025-08-10T19:06:32.889901Z SIREN_MODE high
2025-08-10T19:06:33.217692Z SIREN_MODE safe
2025-08-10T19:06:33.396877Z SIREN_MODE high
2025-08-10T19:06:33.719368Z SIREN_MODE safe
2025-08-10T19:06:33.916839Z SIREN_MODE high
2025-08-10T19:06:34.222100Z SIREN_MODE safe
2025-08-10T19:06:34.422765Z SIREN_MODE high
2025-08-10T19:06:34.724733Z SIREN_MODE safe
2025-08-10T19:06:34.945232Z SIREN_MODE high
2025-08-10T19:06:35.426519Z SIREN_MODE safe
2025-08-10T19:06:35.461895Z SIREN_MODE high
2025-08-10T19:06:35.928925Z SIREN_MODE safe
2025-08-10T19:06:35.984731Z SIREN_MODE high
2025-08-10T19:06:36.431305Z SIREN_MODE safe
2025-08-10T19:06:36.499165Z SIREN_MODE high
2025-08-10T19:06:36.933544Z SIREN_MODE safe
2025-08-10T19:06:37.015361Z SIREN_MODE high
2025-08-10T19:06:37.436847Z SIREN_MODE safe
2025-08-10T19:06:37.547807Z SIREN_MODE high
2025-08-10T19:06:37.939294Z SIREN_MODE safe
2025-08-10T19:06:38.066880Z SIREN_MODE high
2025-08-10T19:06:38.441492Z SIREN_MODE safe
2025-08-10T19:06:38.607118Z SIREN_MODE high
2025-08-10T19:06:38.943370Z SIREN_MODE safe
2025-08-10T19:06:39.124735Z SIREN_MODE high
2025-08-10T19:06:39.445834Z SIREN_MODE safe
2025-08-10T19:06:39.653617Z SIREN_MODE high
2025-08-10T19:06:40.149170Z SIREN_MODE safe
2025-08-10T19:06:40.171880Z SIREN_MODE high
2025-08-10T19:06:40.652075Z SIREN_MODE safe
2025-08-10T19:06:40.700856Z SIREN_MODE high
2025-08-10T19:06:41.155016Z SIREN_MODE safe
2025-08-10T19:06:41.218455Z SIREN_MODE high
2025-08-10T19:06:41.656748Z SIREN_MODE safe
2025-08-10T19:06:41.747386Z SIREN_MODE high
2025-08-10T19:06:41.793484Z SIREN_MODE safe
2025-08-10T19:07:22.161954Z SIREN_MODE high
2025-08-10T19:07:22.610547Z SIREN_MODE safe
2025-08-10T19:07:22.689482Z SIREN_MODE high
2025-08-10T19:07:23.112157Z SIREN_MODE safe
2025-08-10T19:07:23.217656Z SIREN_MODE high
2025-08-10T19:07:23.614144Z SIREN_MODE safe
2025-08-10T19:07:23.745299Z SIREN_MODE high
2025-08-10T19:07:24.116365Z SIREN_MODE safe
2025-08-10T19:07:24.264189Z SIREN_MODE high
2025-08-10T19:07:24.621199Z SIREN_MODE safe
2025-08-10T19:07:24.782219Z SIREN_MODE high
2025-08-10T19:07:25.124434Z SIREN_MODE safe
2025-08-10T19:07:25.311818Z SIREN_MODE high
2025-08-10T19:07:25.626576Z SIREN_MODE safe
2025-08-10T19:07:25.828445Z SIREN_MODE high
2025-08-10T19:07:26.328043Z SIREN_MODE safe
2025-08-10T19:07:26.348627Z SIREN_MODE high
2025-08-10T19:07:26.829708Z SIREN_MODE safe
2025-08-10T19:07:26.878356Z SIREN_MODE high
2025-08-10T19:07:27.333423Z SIREN_MODE safe
2025-08-10T19:07:27.394202Z SIREN_MODE high
2025-08-10T19:07:27.835690Z SIREN_MODE safe
2025-08-10T19:07:27.911549Z SIREN_MODE high
2025-08-10T19:07:28.337123Z SIREN_MODE safe
2025-08-10T19:07:28.428442Z SIREN_MODE high
2025-08-10T19:07:28.839682Z SIREN_MODE safe
2025-08-10T19:07:28.943506Z SIREN_MODE high
2025-08-10T19:07:29.341539Z SIREN_MODE safe
2025-08-10T19:07:29.461677Z SIREN_MODE high
2025-08-10T19:07:29.843302Z SIREN_MODE safe
2025-08-10T19:07:29.977427Z SIREN_MODE high
2025-08-10T19:07:30.346369Z SIREN_MODE safe
2025-08-10T19:07:30.493838Z SIREN_MODE high
2025-08-10T19:07:30.849021Z SIREN_MODE safe
2025-08-10T19:07:31.023601Z SIREN_MODE high
2025-08-10T19:07:31.351587Z SIREN_MODE safe
2025-08-10T19:07:31.542298Z SIREN_MODE high
2025-08-10T19:07:31.853202Z SIREN_MODE safe
2025-08-10T19:07:32.060726Z SIREN_MODE high
2025-08-10T19:07:32.555562Z SIREN_MODE safe
2025-08-10T19:07:32.577497Z SIREN_MODE high
2025-08-10T19:07:33.057517Z SIREN_MODE safe
2025-08-10T19:07:33.097808Z SIREN_MODE high
2025-08-10T19:07:33.559851Z SIREN_MODE safe
2025-08-10T19:07:33.617088Z SIREN_MODE high
2025-08-10T19:07:34.062473Z SIREN_MODE safe
2025-08-10T19:07:34.134724Z SIREN_MODE high
2025-08-10T19:07:34.564942Z SIREN_MODE safe
2025-08-10T19:07:34.663776Z SIREN_MODE high
2025-08-10T19:07:35.067916Z SIREN_MODE safe
2025-08-10T19:07:35.181558Z SIREN_MODE high
2025-08-10T19:07:35.569070Z SIREN_MODE safe
2025-08-10T19:07:35.700303Z SIREN_MODE high
2025-08-10T19:07:36.070714Z SIREN_MODE safe
2025-08-10T19:07:36.230513Z SIREN_MODE high
2025-08-10T19:07:36.572782Z SIREN_MODE safe
2025-08-10T19:07:36.760371Z SIREN_MODE high
2025-08-10T19:07:37.075216Z SIREN_MODE safe
2025-08-10T19:07:37.276935Z SIREN_MODE high
2025-08-10T19:07:37.777852Z SIREN_MODE safe
2025-08-10T19:07:37.806851Z SIREN_MODE high
2025-08-10T19:07:38.279443Z SIREN_MODE safe
2025-08-10T19:07:38.320993Z SIREN_MODE high
2025-08-10T19:07:38.781637Z SIREN_MODE safe
2025-08-10T19:07:38.837190Z SIREN_MODE high
2025-08-10T19:07:39.285009Z SIREN_MODE safe
2025-08-10T19:07:39.342643Z SIREN_MODE high
2025-08-10T19:07:39.787104Z SIREN_MODE safe
2025-08-10T19:07:39.875142Z SIREN_MODE high
2025-08-10T19:07:40.243660Z SIREN_MODE safe
2025-08-10T19:10:23.387170Z SIREN_MODE high
2025-08-10T19:10:23.694477Z SIREN_MODE safe
2025-08-10T19:10:23.902560Z SIREN_MODE high
2025-08-10T19:10:24.397149Z SIREN_MODE safe
2025-08-10T19:10:24.421111Z SIREN_MODE high
2025-08-10T19:10:24.898921Z SIREN_MODE safe
2025-08-10T19:10:24.941935Z SIREN_MODE high
2025-08-10T19:10:25.401346Z SIREN_MODE safe
2025-08-10T19:10:25.458948Z SIREN_MODE high
2025-08-10T19:10:25.904593Z SIREN_MODE safe
2025-08-10T19:10:25.986661Z SIREN_MODE high
2025-08-10T19:10:26.406387Z SIREN_MODE safe
2025-08-10T19:10:26.503083Z SIREN_MODE high
2025-08-10T19:10:26.908608Z SIREN_MODE safe
2025-08-10T19:10:27.021940Z SIREN_MODE high
2025-08-10T19:10:27.411230Z SIREN_MODE safe
2025-08-10T19:10:27.537965Z SIREN_MODE high
2025-08-10T19:10:27.914033Z SIREN_MODE safe
2025-08-10T19:10:28.057786Z SIREN_MODE high
2025-08-10T19:10:28.417021Z SIREN_MODE safe
2025-08-10T19:10:28.576410Z SIREN_MODE high
2025-08-10T19:10:28.918587Z SIREN_MODE safe
2025-08-10T19:10:29.092144Z SIREN_MODE high
2025-08-10T19:10:29.421604Z SIREN_MODE safe
2025-08-10T19:10:29.610503Z SIREN_MODE high
2025-08-10T19:10:29.923871Z SIREN_MODE safe
2025-08-10T19:10:30.140899Z SIREN_MODE high
2025-08-10T19:10:30.627070Z SIREN_MODE safe
2025-08-10T19:10:30.656016Z SIREN_MODE high
2025-08-10T19:10:31.130301Z SIREN_MODE safe
2025-08-10T19:10:31.186968Z SIREN_MODE high
2025-08-10T19:10:31.632954Z SIREN_MODE safe
2025-08-10T19:10:31.703868Z SIREN_MODE high
2025-08-10T19:10:32.134887Z SIREN_MODE safe
2025-08-10T19:10:32.210110Z SIREN_MODE high
2025-08-10T19:10:32.637364Z SIREN_MODE safe
2025-08-10T19:10:32.724259Z SIREN_MODE high
2025-08-10T19:10:33.139231Z SIREN_MODE safe
2025-08-10T19:10:33.254493Z SIREN_MODE high
2025-08-10T19:10:33.642438Z SIREN_MODE safe
2025-08-10T19:10:33.775201Z SIREN_MODE high
2025-08-10T19:10:34.145718Z SIREN_MODE safe
2025-08-10T19:10:34.291715Z SIREN_MODE high
2025-08-10T19:10:34.648083Z SIREN_MODE safe
2025-08-10T19:10:34.809998Z SIREN_MODE high
2025-08-10T19:10:35.150166Z SIREN_MODE safe
2025-08-10T19:10:35.328125Z SIREN_MODE high
2025-08-10T19:10:35.652613Z SIREN_MODE safe
2025-08-10T19:10:35.843879Z SIREN_MODE high
2025-08-10T19:10:35.907457Z SIREN_MODE safe
2025-08-10T19:17:44.686150Z SIREN_MODE high
2025-08-10T19:17:45.147474Z SIREN_MODE safe
2025-08-10T19:17:45.496512Z SIREN_MODE high
2025-08-10T19:17:45.951767Z SIREN_MODE safe
2025-08-10T19:17:46.528077Z SIREN_MODE high
2025-08-10T19:17:46.953957Z SIREN_MODE safe
2025-08-10T19:17:47.606894Z SIREN_MODE suspicious
2025-08-10T19:17:48.760464Z SIREN_MODE safe
2025-08-10T19:17:50.024570Z SIREN_MODE high
2025-08-10T19:17:50.464411Z SIREN_MODE safe
2025-08-10T19:17:50.824168Z SIREN_MODE suspicious
2025-08-10T19:17:51.367885Z SIREN_MODE safe
2025-08-10T19:17:51.624448Z SIREN_MODE suspicious
2025-08-10T19:17:51.969858Z SIREN_MODE safe
2025-08-10T19:17:52.167164Z SIREN_MODE suspicious
2025-08-10T19:17:52.572703Z SIREN_MODE safe
2025-08-10T19:17:53.246160Z SIREN_MODE high
2025-08-10T19:17:53.675569Z SIREN_MODE safe
2025-08-10T19:17:54.048666Z SIREN_MODE suspicious
2025-08-10T19:17:54.578544Z SIREN_MODE safe
2025-08-10T19:17:57.010389Z SIREN_MODE high
2025-08-10T19:17:57.483725Z SIREN_MODE safe
2025-08-10T19:17:57.572382Z SIREN_MODE suspicious
2025-08-10T19:17:58.988138Z SIREN_MODE safe
2025-08-10T19:17:59.171371Z SIREN_MODE suspicious
2025-08-10T19:17:59.590064Z SIREN_MODE safe
2025-08-10T19:18:01.594852Z SIREN_MODE high
2025-08-10T19:18:01.895394Z SIREN_MODE safe
2025-08-10T19:18:02.419207Z SIREN_MODE suspicious
2025-08-10T19:18:02.797917Z SIREN_MODE safe
2025-08-10T19:18:02.955126Z SIREN_MODE suspicious
2025-08-10T19:18:03.400613Z SIREN_MODE safe
2025-08-10T19:18:03.761441Z SIREN_MODE suspicious
2025-08-10T19:18:04.303343Z SIREN_MODE safe
2025-08-10T19:18:04.559899Z SIREN_MODE suspicious
2025-08-10T19:18:05.206131Z SIREN_MODE safe
2025-08-10T19:18:05.384560Z SIREN_MODE suspicious
2025-08-10T19:18:05.640305Z SIREN_MODE high
2025-08-10T19:18:06.008633Z SIREN_MODE safe
2025-08-10T19:18:06.989372Z SIREN_MODE high
2025-08-10T19:18:07.411727Z SIREN_MODE safe
2025-08-10T19:18:08.613791Z SIREN_MODE safe
2025-08-10T19:18:08.614825Z SIREN_MODE high
2025-08-10T19:18:09.983666Z SIREN_MODE suspicious
2025-08-10T19:18:10.418225Z SIREN_MODE safe
2025-08-10T19:18:10.806016Z SIREN_MODE suspicious
2025-08-10T19:18:11.321711Z SIREN_MODE safe
2025-08-10T19:18:11.646492Z SIREN_MODE suspicious
2025-08-10T19:18:12.227396Z SIREN_MODE safe
2025-08-10T19:18:12.731201Z SIREN_MODE suspicious
2025-08-10T19:18:13.130809Z SIREN_MODE safe
2025-08-10T19:18:13.259825Z SIREN_MODE suspicious
2025-08-10T19:18:13.733007Z SIREN_MODE safe
2025-08-10T19:18:13.790028Z SIREN_MODE suspicious
2025-08-10T19:18:14.935789Z SIREN_MODE safe
2025-08-10T19:18:16.477140Z SIREN_MODE suspicious
2025-08-10T19:18:16.759457Z SIREN_MODE high
2025-08-10T19:18:17.242738Z SIREN_MODE safe
2025-08-10T19:18:18.351292Z SIREN_MODE high
2025-08-10T19:18:18.846168Z SIREN_MODE safe
2025-08-10T19:18:20.780130Z SIREN_MODE suspicious
2025-08-10T19:18:21.250746Z SIREN_MODE safe
2025-08-10T19:18:22.405119Z SIREN_MODE suspicious
2025-08-10T19:18:22.753949Z SIREN_MODE safe
2025-08-10T19:18:24.829645Z SIREN_MODE suspicious
2025-08-10T19:18:25.157670Z SIREN_MODE safe
2025-08-10T19:18:25.911678Z SIREN_MODE suspicious
2025-08-10T19:18:26.361207Z SIREN_MODE safe
2025-08-10T19:18:27.271032Z SIREN_MODE high
2025-08-10T19:18:27.765558Z SIREN_MODE safe
2025-08-10T19:18:28.056498Z SIREN_MODE high
2025-08-10T19:18:28.468132Z SIREN_MODE safe
2025-08-10T19:18:28.866377Z SIREN_MODE suspicious
2025-08-10T19:18:29.670939Z SIREN_MODE safe
2025-08-10T19:18:31.538613Z SIREN_MODE suspicious
2025-08-10T19:18:32.077456Z SIREN_MODE safe
2025-08-10T19:18:34.466643Z SIREN_MODE suspicious
2025-08-10T19:18:34.781274Z SIREN_MODE safe
2025-08-10T19:18:35.264835Z SIREN_MODE suspicious
2025-08-10T19:18:35.985685Z SIREN_MODE safe
2025-08-10T19:18:36.332593Z SIREN_MODE suspicious
2025-08-10T19:18:37.489510Z SIREN_MODE safe
2025-08-10T19:18:38.747151Z SIREN_MODE suspicious
2025-08-10T19:18:39.293758Z SIREN_MODE safe
2025-08-10T19:18:39.825571Z SIREN_MODE high
2025-08-10T19:18:40.297647Z SIREN_MODE safe
2025-08-10T19:18:40.914448Z SIREN_MODE high
2025-08-10T19:18:41.400451Z SIREN_MODE safe
2025-08-10T19:18:41.740730Z SIREN_MODE suspicious
2025-08-10T19:18:42.303474Z SIREN_MODE safe
2025-08-10T19:18:44.166290Z SIREN_MODE high
2025-08-10T19:18:44.608950Z SIREN_MODE safe
2025-08-10T19:18:45.523255Z SIREN_MODE high
2025-08-10T19:18:46.012141Z SIREN_MODE safe
2025-08-10T19:18:47.666543Z SIREN_MODE suspicious
2025-08-10T19:18:47.946329Z SIREN_MODE high
2025-08-10T19:18:48.317691Z SIREN_MODE safe
2025-08-10T19:18:48.744152Z SIREN_MODE high
2025-08-10T19:18:49.120260Z SIREN_MODE safe
2025-08-10T19:18:49.277208Z SIREN_MODE high
2025-08-10T19:18:49.622674Z SIREN_MODE safe
2025-08-10T19:18:49.811092Z SIREN_MODE suspicious
2025-08-10T19:18:50.345844Z SIREN_MODE high
2025-08-10T19:18:50.925645Z SIREN_MODE safe
2025-08-10T19:18:51.952069Z SIREN_MODE suspicious
2025-08-10T19:18:52.729799Z SIREN_MODE safe
2025-08-10T19:18:57.669042Z SIREN_MODE suspicious
2025-08-10T19:18:58.438913Z SIREN_MODE safe
2025-08-10T19:18:59.812669Z SIREN_MODE suspicious
2025-08-10T19:19:00.243252Z SIREN_MODE safe
2025-08-10T19:19:00.889468Z SIREN_MODE suspicious
2025-08-10T19:19:01.445683Z SIREN_MODE safe
2025-08-10T19:19:03.273205Z SIREN_MODE suspicious
2025-08-10T19:19:03.850959Z SIREN_MODE safe
2025-08-10T19:19:04.083300Z SIREN_MODE suspicious
2025-08-10T19:19:04.453976Z SIREN_MODE safe
2025-08-10T19:19:04.631161Z SIREN_MODE high
2025-08-10T19:19:04.956391Z SIREN_MODE safe
2025-08-10T19:19:05.176039Z SIREN_MODE high
2025-08-10T19:19:05.442554Z SIREN_MODE suspicious
2025-08-10T19:19:06.360202Z SIREN_MODE safe
2025-08-10T19:19:08.404905Z SIREN_MODE suspicious
2025-08-10T19:19:08.686408Z SIREN_MODE high
2025-08-10T19:19:09.164934Z SIREN_MODE safe
2025-08-10T19:19:09.220478Z SIREN_MODE high
2025-08-10T19:19:09.499737Z SIREN_MODE suspicious
2025-08-10T19:19:09.968191Z SIREN_MODE safe
2025-08-10T19:19:10.297465Z SIREN_MODE suspicious
2025-08-10T19:19:10.870777Z SIREN_MODE safe
2025-08-10T19:19:11.904404Z SIREN_MODE suspicious
2025-08-10T19:19:12.178613Z SIREN_MODE high
2025-08-10T19:19:12.576339Z SIREN_MODE safe
2025-08-10T19:19:12.975752Z SIREN_MODE high
2025-08-10T19:19:13.379104Z SIREN_MODE safe
2025-08-10T19:19:13.507962Z SIREN_MODE high
2025-08-10T19:19:13.880960Z SIREN_MODE safe
2025-08-10T19:19:14.040069Z SIREN_MODE high
2025-08-10T19:19:14.383255Z SIREN_MODE safe
2025-08-10T19:19:16.988671Z SIREN_MODE suspicious
2025-08-10T19:19:17.388884Z SIREN_MODE safe
2025-08-10T19:19:17.805487Z SIREN_MODE suspicious
2025-08-10T19:19:18.291509Z SIREN_MODE safe
2025-08-10T19:19:18.594870Z SIREN_MODE suspicious
2025-08-10T19:19:19.195089Z SIREN_MODE safe
2025-08-10T19:19:19.671491Z SIREN_MODE high
2025-08-10T19:19:19.998244Z SIREN_MODE safe
2025-08-10T19:19:22.349074Z SIREN_MODE suspicious
2025-08-10T19:19:23.007559Z SIREN_MODE safe
2025-08-10T19:19:23.429166Z SIREN_MODE suspicious
2025-08-10T19:19:23.910720Z SIREN_MODE safe
2025-08-10T19:19:24.778025Z SIREN_MODE suspicious
2025-08-10T19:19:25.113194Z SIREN_MODE safe
2025-08-10T19:19:25.579554Z SIREN_MODE suspicious
2025-08-10T19:19:26.016234Z SIREN_MODE safe
2025-08-10T19:19:26.938185Z SIREN_MODE suspicious
2025-08-10T19:19:27.520231Z SIREN_MODE safe
2025-08-10T19:19:28.281525Z SIREN_MODE suspicious
2025-08-10T19:19:28.723550Z SIREN_MODE safe
2025-08-10T19:19:29.375527Z SIREN_MODE suspicious
2025-08-10T19:19:29.926665Z SIREN_MODE safe
2025-08-10T19:19:30.731027Z SIREN_MODE suspicious
2025-08-10T19:19:31.131124Z SIREN_MODE safe
2025-08-10T19:19:32.884243Z SIREN_MODE suspicious
2025-08-10T19:19:33.235915Z SIREN_MODE safe
2025-08-10T19:19:33.935209Z SIREN_MODE suspicious
2025-08-10T19:19:34.438342Z SIREN_MODE safe
2025-08-10T19:19:35.005787Z SIREN_MODE suspicious
2025-08-10T19:19:35.343000Z SIREN_MODE safe
2025-08-10T19:19:35.832734Z SIREN_MODE suspicious
2025-08-10T19:19:36.546653Z SIREN_MODE safe
2025-08-10T19:19:38.270856Z SIREN_MODE suspicious
2025-08-10T19:19:38.649880Z SIREN_MODE safe
2025-08-10T19:19:39.613617Z SIREN_MODE suspicious
2025-08-10T19:19:40.153471Z SIREN_MODE safe
2025-08-10T19:19:40.157943Z SIREN_MODE suspicious
2025-08-10T19:19:40.756599Z SIREN_MODE safe
2025-08-10T19:19:43.329671Z SIREN_MODE suspicious
2025-08-10T19:19:43.587020Z SIREN_MODE high
2025-08-10T19:19:43.962565Z SIREN_MODE safe
2025-08-10T19:19:44.142274Z SIREN_MODE high
2025-08-10T19:19:44.464895Z SIREN_MODE safe
2025-08-10T19:19:44.687470Z SIREN_MODE high
2025-08-10T19:19:45.168662Z SIREN_MODE safe
2025-08-10T19:19:45.469649Z SIREN_MODE high
2025-08-10T19:19:45.469649Z SIREN_MODE safe
2025-08-10T19:19:47.870461Z SIREN_MODE high
2025-08-10T19:19:48.275220Z SIREN_MODE safe
2025-08-10T19:19:48.692867Z SIREN_MODE high
2025-08-10T19:19:49.078668Z SIREN_MODE safe
2025-08-10T19:19:49.504178Z SIREN_MODE suspicious
2025-08-10T19:19:49.980941Z SIREN_MODE safe
2025-08-10T19:19:50.049656Z SIREN_MODE suspicious
2025-08-10T19:19:50.884234Z SIREN_MODE safe
2025-08-10T19:19:52.457718Z SIREN_MODE suspicious
2025-08-10T19:19:52.988759Z SIREN_MODE safe
2025-08-10T19:19:53.003447Z SIREN_MODE suspicious
2025-08-10T19:19:53.898257Z SIREN_MODE safe
2025-08-10T19:19:54.606192Z SIREN_MODE high
2025-08-10T19:19:55.004603Z SIREN_MODE safe
2025-08-10T19:19:56.773038Z SIREN_MODE suspicious
2025-08-10T19:19:57.108416Z SIREN_MODE safe
2025-08-10T19:19:57.318297Z SIREN_MODE high
2025-08-10T19:19:57.811887Z SIREN_MODE safe
2025-08-10T19:19:58.383672Z SIREN_MODE high
2025-08-10T19:19:58.650463Z SIREN_MODE suspicious
2025-08-10T19:19:59.115869Z SIREN_MODE safe
2025-08-10T19:20:00.483054Z SIREN_MODE suspicious
2025-08-10T19:20:00.918418Z SIREN_MODE safe
2025-08-10T19:20:01.563465Z SIREN_MODE suspicious
2025-08-10T19:20:02.121669Z SIREN_MODE safe
2025-08-10T19:20:03.748527Z SIREN_MODE suspicious
2025-08-10T19:20:04.226309Z SIREN_MODE safe
2025-08-10T19:20:04.551596Z SIREN_MODE suspicious
2025-08-10T19:20:05.129502Z SIREN_MODE safe
2025-08-10T19:20:06.695603Z SIREN_MODE high
2025-08-10T19:20:07.333725Z SIREN_MODE safe
2025-08-10T19:20:11.006864Z SIREN_MODE high
2025-08-10T19:20:12.041023Z SIREN_MODE safe
2025-08-10T19:20:12.076134Z SIREN_MODE suspicious
2025-08-10T19:20:12.619729Z SIREN_MODE high
2025-08-10T19:20:13.044353Z SIREN_MODE safe
2025-08-10T19:20:13.446540Z SIREN_MODE suspicious
2025-08-10T19:20:13.946495Z SIREN_MODE safe
2025-08-10T19:20:14.790892Z SIREN_MODE suspicious
2025-08-10T19:20:15.450707Z SIREN_MODE safe
2025-08-10T19:20:17.191071Z SIREN_MODE high
2025-08-10T19:20:17.470245Z SIREN_MODE suspicious
2025-08-10T19:20:18.256495Z SIREN_MODE safe
2025-08-10T19:20:18.981223Z SIREN_MODE suspicious
2025-08-10T19:20:19.158133Z SIREN_MODE safe
2025-08-10T19:20:19.716074Z SIREN_MODE suspicious
2025-08-10T19:20:19.758855Z SIREN_MODE safe
2025-08-10T19:20:19.868982Z SIREN_MODE high
2025-08-10T19:20:19.973896Z SIREN_MODE suspicious
2025-08-10T19:20:20.125153Z SIREN_MODE high
2025-08-10T19:20:20.374682Z SIREN_MODE suspicious
2025-08-10T19:20:20.562997Z SIREN_MODE safe
2025-08-10T19:20:21.058680Z SIREN_MODE high
2025-08-10T19:20:21.164782Z SIREN_MODE safe
2025-08-10T19:20:21.215638Z SIREN_MODE high
2025-08-10T19:20:21.469545Z SIREN_MODE safe
2025-08-10T19:20:23.019899Z SIREN_MODE suspicious
2025-08-10T19:20:23.574253Z SIREN_MODE safe
2025-08-10T19:20:24.367536Z SIREN_MODE suspicious
2025-08-10T19:20:24.777301Z SIREN_MODE safe
2025-08-10T19:20:25.161754Z SIREN_MODE high
2025-08-10T19:20:25.580413Z SIREN_MODE safe
2025-08-10T19:20:25.976404Z SIREN_MODE suspicious
2025-08-10T19:20:26.483159Z SIREN_MODE safe
2025-08-10T19:20:26.770767Z SIREN_MODE suspicious
2025-08-10T19:20:27.050138Z SIREN_MODE high
2025-08-10T19:20:27.487181Z SIREN_MODE safe
2025-08-10T19:20:28.151726Z SIREN_MODE suspicious
2025-08-10T19:20:28.692602Z SIREN_MODE safe
2025-08-10T19:20:28.966313Z SIREN_MODE suspicious
2025-08-10T19:20:29.294845Z SIREN_MODE safe
2025-08-10T19:20:30.333935Z SIREN_MODE high
2025-08-10T19:20:30.698438Z SIREN_MODE safe
2025-08-10T19:20:33.050561Z SIREN_MODE suspicious
2025-08-10T19:20:33.404043Z SIREN_MODE safe
2025-08-10T19:20:34.409547Z SIREN_MODE suspicious
2025-08-10T19:20:34.907796Z SIREN_MODE safe
2025-08-10T19:20:34.957174Z SIREN_MODE suspicious
2025-08-10T19:20:35.487522Z SIREN_MODE high
2025-08-10T19:20:35.768218Z SIREN_MODE suspicious
2025-08-10T19:20:36.213767Z SIREN_MODE safe
2025-08-10T19:20:36.300269Z SIREN_MODE suspicious
2025-08-10T19:20:36.816065Z SIREN_MODE safe
2025-08-10T19:20:36.831732Z SIREN_MODE high
2025-08-10T19:20:37.110113Z SIREN_MODE suspicious
2025-08-10T19:20:37.419323Z SIREN_MODE safe
2025-08-10T19:20:38.748636Z SIREN_MODE suspicious
2025-08-10T19:20:39.228330Z SIREN_MODE safe
2025-08-10T19:20:41.940466Z SIREN_MODE high
2025-08-10T19:20:42.433699Z SIREN_MODE safe
2025-08-10T19:20:42.477820Z SIREN_MODE suspicious
2025-08-10T19:20:42.757672Z SIREN_MODE high
2025-08-10T19:20:43.236589Z SIREN_MODE safe
2025-08-10T19:20:44.394194Z SIREN_MODE suspicious
2025-08-10T19:20:44.740962Z SIREN_MODE safe
2025-08-10T19:20:45.740095Z SIREN_MODE suspicious
2025-08-10T19:20:47.081067Z SIREN_MODE high
2025-08-10T19:20:47.546166Z SIREN_MODE safe
2025-08-10T19:20:51.368106Z SIREN_MODE high
2025-08-10T19:20:51.634488Z SIREN_MODE suspicious
2025-08-10T19:20:51.954133Z SIREN_MODE safe
2025-08-10T19:20:52.156361Z SIREN_MODE suspicious
2025-08-10T19:20:52.856714Z SIREN_MODE safe
2025-08-10T19:20:53.218660Z SIREN_MODE suspicious
2025-08-10T19:20:53.758718Z SIREN_MODE safe
2025-08-10T19:20:54.019673Z SIREN_MODE suspicious
2025-08-10T19:20:54.362422Z SIREN_MODE safe
2025-08-10T19:20:55.068303Z SIREN_MODE suspicious
2025-08-10T19:20:55.564740Z SIREN_MODE safe
2025-08-10T19:20:55.900750Z SIREN_MODE high
2025-08-10T19:20:56.366630Z SIREN_MODE safe
2025-08-10T19:20:56.443154Z SIREN_MODE suspicious
2025-08-10T19:23:45.922935Z SIREN_MODE suspicious
2025-08-10T19:23:46.203016Z SIREN_MODE high
2025-08-10T19:23:46.960976Z SIREN_MODE safe
2025-08-10T19:23:47.011982Z SIREN_MODE suspicious
2025-08-10T19:23:47.563512Z SIREN_MODE safe
2025-08-10T19:23:49.457756Z SIREN_MODE suspicious
2025-08-10T19:23:49.968698Z SIREN_MODE safe
2025-08-10T19:23:50.535946Z SIREN_MODE high
2025-08-10T19:23:50.973307Z SIREN_MODE safe
2025-08-10T19:23:51.093707Z SIREN_MODE suspicious
2025-08-10T19:23:51.574718Z SIREN_MODE safe
2025-08-10T19:23:52.426595Z SIREN_MODE high
2025-08-10T19:23:52.879335Z SIREN_MODE safe
2025-08-10T19:23:54.039780Z SIREN_MODE high
2025-08-10T19:23:54.485501Z SIREN_MODE safe
2025-08-10T19:23:54.846550Z SIREN_MODE suspicious
2025-08-10T19:23:55.988407Z SIREN_MODE safe
2025-08-10T19:23:56.726361Z SIREN_MODE high
2025-08-10T19:23:57.091891Z SIREN_MODE safe
2025-08-10T19:23:58.591873Z SIREN_MODE high
2025-08-10T19:23:58.996200Z SIREN_MODE safe
2025-08-10T19:23:59.411621Z SIREN_MODE high
2025-08-10T19:23:59.679185Z SIREN_MODE suspicious
2025-08-10T19:23:59.959496Z SIREN_MODE high
2025-08-10T19:24:00.494766Z SIREN_MODE suspicious
2025-08-10T19:24:00.803489Z SIREN_MODE safe
2025-08-10T19:24:01.822610Z SIREN_MODE suspicious
2025-08-10T19:24:02.306021Z SIREN_MODE safe
2025-08-10T19:24:02.888163Z SIREN_MODE suspicious
2025-08-10T19:24:03.209219Z SIREN_MODE safe
2025-08-10T19:24:03.433987Z SIREN_MODE suspicious
2025-08-10T19:24:04.250528Z SIREN_MODE high
2025-08-10T19:24:04.797525Z SIREN_MODE suspicious
2025-08-10T19:24:05.114103Z SIREN_MODE safe
2025-08-10T19:24:05.862375Z SIREN_MODE high
2025-08-10T19:24:06.217975Z SIREN_MODE safe
2025-08-10T19:24:06.395427Z SIREN_MODE suspicious
2025-08-10T19:24:06.819814Z SIREN_MODE safe
2025-08-10T19:24:06.927919Z SIREN_MODE suspicious
2025-08-10T19:24:07.422405Z SIREN_MODE safe
2025-08-10T19:24:07.449951Z SIREN_MODE suspicious
2025-08-10T19:24:08.024134Z SIREN_MODE safe
2025-08-10T19:24:08.537027Z SIREN_MODE suspicious
2025-08-10T19:24:08.926669Z SIREN_MODE safe
2025-08-10T19:24:10.398683Z SIREN_MODE high
2025-08-10T19:24:10.831157Z SIREN_MODE safe
2025-08-10T19:24:11.466158Z SIREN_MODE suspicious
2025-08-10T19:24:12.034991Z SIREN_MODE safe
2025-08-10T19:24:12.532542Z SIREN_MODE suspicious
2025-08-10T19:24:12.937430Z SIREN_MODE safe
2025-08-10T19:24:14.663673Z SIREN_MODE suspicious
2025-08-10T19:24:15.041103Z SIREN_MODE safe
2025-08-10T19:24:15.193911Z SIREN_MODE suspicious
2025-08-10T19:24:15.943330Z SIREN_MODE safe
2025-08-10T19:30:13.065423Z SIREN_MODE suspicious
2025-08-10T19:30:13.346212Z SIREN_MODE high
2025-08-10T19:30:13.741474Z SIREN_MODE safe
2025-08-10T19:30:15.721487Z SIREN_MODE suspicious
2025-08-10T19:30:16.146127Z SIREN_MODE safe
2025-08-10T19:30:16.258094Z SIREN_MODE suspicious
2025-08-10T19:30:17.048506Z SIREN_MODE safe
2025-08-10T19:30:17.058104Z SIREN_MODE suspicious
2025-08-10T19:30:17.650375Z SIREN_MODE safe
2025-08-10T19:30:19.218058Z SIREN_MODE suspicious
2025-08-10T19:30:19.753987Z SIREN_MODE safe
2025-08-10T19:30:20.579569Z SIREN_MODE high
2025-08-10T19:30:21.057670Z SIREN_MODE safe
2025-08-10T19:30:21.896662Z SIREN_MODE suspicious
2025-08-10T19:30:22.261105Z SIREN_MODE safe
2025-08-10T19:30:22.723102Z SIREN_MODE suspicious
2025-08-10T19:30:23.465850Z SIREN_MODE safe
2025-08-10T19:30:23.512582Z SIREN_MODE high
2025-08-10T19:30:23.967808Z SIREN_MODE safe
2025-08-10T19:30:24.856668Z SIREN_MODE suspicious
2025-08-10T19:30:25.170235Z SIREN_MODE safe
2025-08-10T19:30:25.657846Z SIREN_MODE suspicious
2025-08-10T19:30:26.072345Z SIREN_MODE safe
2025-08-10T19:30:26.189068Z SIREN_MODE high
2025-08-10T19:30:26.576840Z SIREN_MODE safe
2025-08-10T19:30:27.810020Z SIREN_MODE high
2025-08-10T19:30:28.281244Z SIREN_MODE safe
2025-08-10T19:30:28.355504Z SIREN_MODE suspicious
2025-08-10T19:30:28.882618Z SIREN_MODE safe
2025-08-10T19:30:31.785241Z SIREN_MODE suspicious
2025-08-10T19:30:32.191966Z SIREN_MODE safe
2025-08-10T19:30:32.847776Z SIREN_MODE suspicious
2025-08-10T19:30:33.994975Z SIREN_MODE safe
2025-08-10T19:30:34.468778Z SIREN_MODE suspicious
2025-08-10T19:30:34.898251Z SIREN_MODE safe
2025-08-10T19:30:35.267858Z SIREN_MODE suspicious
2025-08-10T19:30:35.801556Z SIREN_MODE safe
2025-08-10T19:30:35.802557Z SIREN_MODE suspicious
2025-08-10T19:30:36.404219Z SIREN_MODE safe
2025-08-10T19:30:37.163718Z SIREN_MODE suspicious
2025-08-10T19:30:37.607276Z SIREN_MODE safe
2025-08-10T19:30:38.227006Z SIREN_MODE suspicious
2025-08-10T19:30:38.811018Z SIREN_MODE safe
2025-08-10T19:30:39.570661Z SIREN_MODE suspicious
2025-08-10T19:30:40.013258Z SIREN_MODE safe
2025-08-10T19:30:40.340568Z SIREN_MODE suspicious
2025-08-10T19:30:40.916370Z SIREN_MODE safe
2025-08-10T19:30:41.417080Z SIREN_MODE suspicious
2025-08-10T19:30:41.819840Z SIREN_MODE safe
2025-08-10T19:30:42.213971Z SIREN_MODE suspicious
2025-08-10T19:30:43.022431Z SIREN_MODE safe
2025-08-10T19:30:44.879080Z SIREN_MODE suspicious
2025-08-10T19:30:45.730972Z SIREN_MODE safe
2025-08-10T19:30:47.024727Z SIREN_MODE high
2025-08-10T19:30:47.300213Z SIREN_MODE suspicious
2025-08-10T19:30:47.734150Z SIREN_MODE safe
2025-08-10T19:30:48.631990Z SIREN_MODE high
2025-08-10T19:30:48.911952Z SIREN_MODE suspicious
2025-08-10T19:30:49.339036Z SIREN_MODE safe
2025-08-10T19:30:50.264175Z SIREN_MODE suspicious
2025-08-10T19:30:50.797917Z SIREN_MODE high
2025-08-10T19:30:51.245018Z SIREN_MODE safe
2025-08-10T19:30:52.914326Z SIREN_MODE suspicious
2025-08-10T19:30:53.648557Z SIREN_MODE safe
2025-08-10T19:30:54.767319Z SIREN_MODE high
2025-08-10T19:30:55.253134Z SIREN_MODE safe
2025-08-10T19:30:55.312281Z SIREN_MODE high
2025-08-10T19:30:55.569321Z SIREN_MODE suspicious
2025-08-10T19:30:55.841700Z SIREN_MODE high
2025-08-10T19:33:28.551184Z SIREN_MODE high
2025-08-10T19:33:28.949557Z SIREN_MODE safe
2025-08-10T19:33:29.087595Z SIREN_MODE suspicious
2025-08-10T19:33:29.354974Z SIREN_MODE high
2025-08-10T19:33:29.752954Z SIREN_MODE safe
2025-08-10T19:33:29.887711Z SIREN_MODE suspicious
2025-08-10T19:33:30.143781Z SIREN_MODE high
2025-08-10T19:33:30.557824Z SIREN_MODE safe
2025-08-10T19:33:30.935021Z SIREN_MODE suspicious
2025-08-10T19:33:31.459670Z SIREN_MODE safe
2025-08-10T19:33:31.480113Z SIREN_MODE suspicious
2025-08-10T19:33:32.363423Z SIREN_MODE safe
2025-08-10T19:33:32.814611Z SIREN_MODE suspicious
2025-08-10T19:33:33.267161Z SIREN_MODE safe
2025-08-10T19:33:34.427426Z SIREN_MODE high
2025-08-10T19:33:34.870883Z SIREN_MODE safe
2025-08-10T19:33:36.297821Z SIREN_MODE suspicious
2025-08-10T19:33:36.676097Z SIREN_MODE safe
2025-08-10T19:33:37.362330Z SIREN_MODE suspicious
2025-08-10T19:33:37.879646Z SIREN_MODE safe
2025-08-10T19:33:37.893861Z SIREN_MODE high
2025-08-10T19:33:38.381165Z SIREN_MODE safe
2025-08-10T19:33:38.427361Z SIREN_MODE high
2025-08-10T19:33:38.693764Z SIREN_MODE suspicious
2025-08-10T19:33:39.785144Z SIREN_MODE safe
2025-08-10T19:33:40.032041Z SIREN_MODE suspicious
2025-08-10T19:33:40.312162Z SIREN_MODE high
2025-08-10T19:33:40.578823Z SIREN_MODE suspicious
2025-08-10T19:33:40.889162Z SIREN_MODE safe
2025-08-10T19:33:41.908451Z SIREN_MODE suspicious
2025-08-10T19:33:42.392523Z SIREN_MODE safe
2025-08-10T19:33:42.439906Z SIREN_MODE high
2025-08-10T19:33:42.894690Z SIREN_MODE safe
2025-08-10T19:33:44.298905Z SIREN_MODE suspicious
2025-08-10T19:33:44.998394Z SIREN_MODE safe
2025-08-10T19:33:45.099310Z SIREN_MODE suspicious
2025-08-10T19:33:45.600465Z SIREN_MODE safe
2025-08-10T19:33:45.630203Z SIREN_MODE high
2025-08-10T19:33:46.103257Z SIREN_MODE safe
2025-08-10T19:33:46.162625Z SIREN_MODE suspicious
2025-08-10T19:33:46.704860Z SIREN_MODE safe
2025-08-10T19:33:47.242724Z SIREN_MODE suspicious
2025-08-10T19:33:47.606805Z SIREN_MODE safe
2025-08-10T19:33:48.320292Z SIREN_MODE suspicious
2025-08-10T19:33:49.110630Z SIREN_MODE safe
2025-08-10T19:33:49.922310Z SIREN_MODE suspicious
2025-08-10T19:33:50.614529Z SIREN_MODE safe
2025-08-10T19:33:50.735389Z SIREN_MODE suspicious
2025-08-10T19:33:51.517227Z SIREN_MODE safe
2025-08-10T19:33:52.358352Z SIREN_MODE high
2025-08-10T19:33:52.820752Z SIREN_MODE safe
2025-08-10T19:33:52.890488Z SIREN_MODE suspicious
2025-08-10T19:33:53.696738Z SIREN_MODE high
2025-08-10T19:33:54.125055Z SIREN_MODE safe
2025-08-10T19:33:54.758748Z SIREN_MODE suspicious
2025-08-10T19:33:55.328866Z SIREN_MODE safe
2025-08-10T19:33:56.352548Z SIREN_MODE suspicious
2025-08-10T19:33:56.832676Z SIREN_MODE safe
2025-08-10T19:33:57.419692Z SIREN_MODE suspicious
2025-08-10T19:33:57.736292Z SIREN_MODE safe
2025-08-10T19:33:58.485135Z SIREN_MODE suspicious
2025-08-10T19:33:58.939338Z SIREN_MODE safe
2025-08-10T19:33:59.547332Z SIREN_MODE suspicious
2025-08-10T19:34:00.141774Z SIREN_MODE safe
2025-08-10T19:34:01.154688Z SIREN_MODE high
2025-08-10T19:34:01.434818Z SIREN_MODE suspicious
2025-08-10T19:34:01.847334Z SIREN_MODE safe
2025-08-10T19:34:31.098481Z SIREN_MODE suspicious
2025-08-10T19:34:32.020848Z SIREN_MODE safe
2025-08-10T19:34:32.444810Z SIREN_MODE suspicious
2025-08-10T19:34:32.923948Z SIREN_MODE safe
2025-08-10T19:34:33.243694Z SIREN_MODE suspicious
2025-08-10T19:34:33.826862Z SIREN_MODE safe
2025-08-10T19:34:34.039462Z SIREN_MODE suspicious
2025-08-10T19:34:34.429341Z SIREN_MODE safe
2025-08-10T19:34:34.839464Z SIREN_MODE high
2025-08-10T19:34:35.232034Z SIREN_MODE safe
2025-08-10T19:34:35.657764Z SIREN_MODE suspicious
2025-08-10T19:34:36.134212Z SIREN_MODE safe
2025-08-10T19:34:36.470071Z SIREN_MODE suspicious
2025-08-10T19:34:37.007752Z SIREN_MODE high
2025-08-10T19:34:37.438155Z SIREN_MODE safe
2025-08-10T19:34:37.539084Z SIREN_MODE suspicious
2025-08-10T19:34:38.040555Z SIREN_MODE safe
2025-08-10T19:34:38.349331Z SIREN_MODE suspicious
2025-08-10T19:34:38.896124Z SIREN_MODE high
2025-08-10T19:34:39.442177Z SIREN_MODE suspicious
2025-08-10T19:34:39.845623Z SIREN_MODE safe
2025-08-10T19:34:42.100704Z SIREN_MODE suspicious
2025-08-10T19:34:42.550307Z SIREN_MODE safe
2025-08-10T19:34:45.046191Z SIREN_MODE suspicious
2025-08-10T19:34:45.556561Z SIREN_MODE safe
2025-08-10T19:34:46.103320Z SIREN_MODE suspicious
2025-08-10T19:34:46.459151Z SIREN_MODE safe
2025-08-10T19:34:47.700182Z SIREN_MODE suspicious
2025-08-10T19:34:48.862148Z SIREN_MODE safe
2025-08-10T19:34:49.050975Z SIREN_MODE suspicious
2025-08-10T19:34:49.465009Z SIREN_MODE safe
2025-08-10T19:34:50.117304Z SIREN_MODE high
2025-08-10T19:34:50.768818Z SIREN_MODE safe
2025-08-10T19:34:50.921576Z SIREN_MODE suspicious
2025-08-10T19:34:51.372424Z SIREN_MODE safe
2025-08-10T19:34:51.443360Z SIREN_MODE suspicious
2025-08-10T19:34:51.976381Z SIREN_MODE safe
2025-08-10T19:34:52.779689Z SIREN_MODE suspicious
2025-08-10T19:34:53.779131Z SIREN_MODE safe
2025-08-10T19:36:54.831591Z SIREN_MODE suspicious
2025-08-10T19:36:55.406301Z SIREN_MODE safe
2025-08-10T19:36:55.899496Z SIREN_MODE high
2025-08-10T19:36:56.209829Z SIREN_MODE safe
2025-08-10T19:36:56.956210Z SIREN_MODE suspicious
2025-08-10T19:36:57.413746Z SIREN_MODE safe
2025-08-10T19:36:57.766666Z SIREN_MODE suspicious
2025-08-10T19:36:58.616593Z SIREN_MODE safe
2025-08-10T19:36:59.109346Z SIREN_MODE suspicious
2025-08-10T19:36:59.520476Z SIREN_MODE safe
2025-08-10T19:36:59.643681Z SIREN_MODE high
2025-08-10T19:37:00.022698Z SIREN_MODE safe
2025-08-10T19:37:00.176932Z SIREN_MODE suspicious
2025-08-10T19:37:00.625035Z SIREN_MODE safe
2025-08-10T19:37:00.722355Z SIREN_MODE high
2025-08-10T19:37:01.127110Z SIREN_MODE safe
2025-08-10T19:37:01.521672Z SIREN_MODE suspicious
2025-08-10T19:37:01.801813Z SIREN_MODE high
2025-08-10T19:37:02.229998Z SIREN_MODE safe
2025-08-10T19:37:02.612267Z SIREN_MODE suspicious
2025-08-10T19:37:03.132336Z SIREN_MODE safe
2025-08-10T19:37:03.412617Z SIREN_MODE suspicious
2025-08-10T19:37:03.680663Z SIREN_MODE high
2025-08-10T19:37:04.135969Z SIREN_MODE safe
2025-08-10T19:37:04.483773Z SIREN_MODE suspicious
2025-08-10T19:37:05.038601Z SIREN_MODE safe
2025-08-10T19:37:06.366483Z SIREN_MODE suspicious
2025-08-10T19:37:06.842859Z SIREN_MODE safe
2025-08-10T19:37:07.166151Z SIREN_MODE high
2025-08-10T19:37:07.646190Z SIREN_MODE safe
2025-08-10T19:37:07.697339Z SIREN_MODE suspicious
2025-08-10T19:37:08.247526Z SIREN_MODE safe
2025-08-10T19:37:09.296230Z SIREN_MODE high
2025-08-10T19:37:09.650069Z SIREN_MODE safe
2025-08-10T19:37:09.829375Z SIREN_MODE high
2025-08-10T19:37:10.152996Z SIREN_MODE safe
2025-08-10T19:37:11.428200Z SIREN_MODE high
2025-08-10T19:37:11.856073Z SIREN_MODE safe
2025-08-12T10:45:09.339944Z SIREN_MODE safe
ious
2025-08-12T10:45:09.884751Z SIREN_MODE suspicious
2025-08-12T10:45:10.152274Z SIREN_MODE high
2025-08-12T10:45:10.503964Z SIREN_MODE safe
2025-08-12T10:45:10.978355Z SIREN_MODE suspicious
2025-08-12T10:45:11.409286Z SIREN_MODE safe
2025-08-12T10:45:12.032483Z SIREN_MODE suspicious
2025-08-12T10:45:12.914097Z SIREN_MODE safe
2025-08-12T10:45:13.411133Z SIREN_MODE suspicious
2025-08-12T10:45:13.817876Z SIREN_MODE safe
2025-08-12T10:45:14.492450Z SIREN_MODE suspicious
2025-08-12T10:45:15.035224Z SIREN_MODE high
2025-08-12T10:45:15.523500Z SIREN_MODE safe
2025-08-12T10:45:16.383249Z SIREN_MODE high
2025-08-12T10:45:16.830910Z SIREN_MODE safe
2025-08-12T10:45:17.460111Z SIREN_MODE high
2025-08-12T10:45:17.936761Z SIREN_MODE safe
2025-08-12T10:45:18.568726Z SIREN_MODE high
2025-08-12T10:45:18.827044Z SIREN_MODE suspicious
2025-08-12T10:45:19.744332Z SIREN_MODE safe
2025-08-12T10:45:19.899896Z SIREN_MODE suspicious
2025-08-12T10:45:20.347024Z SIREN_MODE safe
2025-08-12T10:45:21.758905Z SIREN_MODE high
2025-08-12T10:45:22.252117Z SIREN_MODE safe
2025-08-12T10:45:22.294093Z SIREN_MODE high
2025-08-12T10:45:22.568013Z SIREN_MODE suspicious
2025-08-12T10:45:23.055621Z SIREN_MODE safe
2025-08-12T10:45:23.083992Z SIREN_MODE suspicious
2025-08-12T10:45:23.992885Z SIREN_MODE safe
2025-08-12T10:45:28.163188Z SIREN_MODE suspicious
2025-08-12T10:45:28.501635Z SIREN_MODE safe
2025-08-12T10:45:30.858496Z SIREN_MODE high
2025-08-12T10:45:31.312237Z SIREN_MODE safe
2025-08-12T10:45:31.405324Z SIREN_MODE suspicious
2025-08-12T10:45:32.217155Z SIREN_MODE safe
2025-08-12T10:45:32.515741Z SIREN_MODE suspicious
2025-08-12T10:45:32.820838Z SIREN_MODE safe
2025-08-12T10:45:35.196665Z SIREN_MODE high
2025-08-12T10:45:35.630383Z SIREN_MODE safe
2025-08-12T10:45:35.999704Z SIREN_MODE suspicious
2025-08-12T10:45:36.834511Z SIREN_MODE safe
2025-08-12T10:45:38.406627Z SIREN_MODE high
2025-08-12T10:45:38.875723Z SIREN_MODE safe
2025-08-12T10:45:38.925004Z SIREN_MODE high
2025-08-12T10:45:39.379155Z SIREN_MODE safe
2025-08-12T10:45:39.757122Z SIREN_MODE high
2025-08-12T10:45:40.035039Z SIREN_MODE suspicious
2025-08-12T10:45:40.484989Z SIREN_MODE safe
2025-08-12T10:45:40.602196Z SIREN_MODE suspicious
2025-08-12T10:45:40.861949Z SIREN_MODE high
2025-08-12T10:45:41.288813Z SIREN_MODE safe
2025-08-12T10:45:43.529516Z SIREN_MODE suspicious
2025-08-12T10:45:43.790320Z SIREN_MODE high
2025-08-12T10:45:44.196060Z SIREN_MODE safe
2025-08-12T10:45:46.239810Z SIREN_MODE high
2025-08-12T10:45:46.501430Z SIREN_MODE suspicious
2025-08-12T10:45:46.801763Z SIREN_MODE safe
2025-08-12T10:45:50.757077Z SIREN_MODE suspicious
2025-08-12T10:45:51.314162Z SIREN_MODE safe
2025-08-12T10:45:51.545886Z SIREN_MODE suspicious
2025-08-12T10:45:51.916666Z SIREN_MODE safe
2025-08-12T10:45:52.340655Z SIREN_MODE suspicious
2025-08-12T10:45:52.820684Z SIREN_MODE safe
2025-08-12T10:45:52.855832Z SIREN_MODE suspicious
2025-08-12T10:45:53.423571Z SIREN_MODE safe
2025-08-12T10:45:53.699008Z SIREN_MODE suspicious
2025-08-12T10:45:54.659778Z SIREN_MODE safe
2025-08-12T10:45:54.795875Z SIREN_MODE suspicious
2025-08-12T10:45:55.261891Z SIREN_MODE safe
2025-08-12T10:45:55.575851Z SIREN_MODE high
2025-08-12T10:45:56.067084Z SIREN_MODE safe
2025-08-12T10:45:56.089528Z SIREN_MODE suspicious
2025-08-12T10:45:56.970638Z SIREN_MODE safe
2025-08-12T10:45:57.676721Z SIREN_MODE suspicious
2025-08-12T10:45:58.177239Z SIREN_MODE safe
2025-08-12T10:45:58.481934Z SIREN_MODE suspicious
2025-08-12T10:45:59.079703Z SIREN_MODE safe
2025-08-12T10:45:59.531035Z SIREN_MODE suspicious
2025-08-12T10:46:00.885290Z SIREN_MODE safe
2025-08-12T10:46:02.672532Z SIREN_MODE suspicious
2025-08-12T10:46:02.991014Z SIREN_MODE safe
2025-08-12T10:46:03.713282Z SIREN_MODE suspicious
2025-08-12T10:46:04.195875Z SIREN_MODE safe
2025-08-12T10:46:04.778348Z SIREN_MODE suspicious
2025-08-12T10:46:05.100997Z SIREN_MODE safe
2025-08-12T10:46:06.640481Z SIREN_MODE suspicious
2025-08-12T10:46:07.208811Z SIREN_MODE safe
2025-08-12T10:46:07.443440Z SIREN_MODE high
2025-08-12T10:46:07.912528Z SIREN_MODE safe
2025-08-12T10:46:07.983112Z SIREN_MODE suspicious
2025-08-12T10:46:08.517942Z SIREN_MODE safe
2025-08-12T10:46:09.328524Z SIREN_MODE suspicious
2025-08-12T10:46:09.721673Z SIREN_MODE safe
